<?xml version="1.0" encoding="UTF-8"?>
<testsuite xmlns:xsi="http://www.w3.org/2001/XMLSchema-instance" xsi:noNamespaceSchemaLocation="https://maven.apache.org/surefire/maven-surefire-plugin/xsd/surefire-test-report-3.0.xsd" version="3.0" name="vit.adda.johncena.paint.paintapplication.RectangleTest" time="0.017" tests="4" errors="0" skipped="0" failures="0">
  <properties>
    <property name="java.specification.version" value="22"/>
    <property name="sun.cpu.isalist" value="amd64"/>
    <property name="sun.jnu.encoding" value="Cp1252"/>
    <property name="java.class.path" value="C:\Users\Siddharth\OneDrive\Pictures\Documents\NetBeansProjects\PaintApplication\target\test-classes;C:\Users\Siddharth\OneDrive\Pictures\Documents\NetBeansProjects\PaintApplication\target\classes;C:\Users\Siddharth\.m2\repository\org\junit\jupiter\junit-jupiter-api\5.10.0\junit-jupiter-api-5.10.0.jar;C:\Users\Siddharth\.m2\repository\org\opentest4j\opentest4j\1.3.0\opentest4j-1.3.0.jar;C:\Users\Siddharth\.m2\repository\org\junit\platform\junit-platform-commons\1.10.0\junit-platform-commons-1.10.0.jar;C:\Users\Siddharth\.m2\repository\org\apiguardian\apiguardian-api\1.1.2\apiguardian-api-1.1.2.jar;C:\Users\Siddharth\.m2\repository\org\junit\jupiter\junit-jupiter-engine\5.10.0\junit-jupiter-engine-5.10.0.jar;C:\Users\Siddharth\.m2\repository\org\junit\platform\junit-platform-engine\1.10.0\junit-platform-engine-1.10.0.jar;C:\Users\Siddharth\.m2\repository\org\junit\jupiter\junit-jupiter-params\5.10.0\junit-jupiter-params-5.10.0.jar;C:\Users\Siddharth\.m2\repository\junit\junit\4.13.2\junit-4.13.2.jar;C:\Users\Siddharth\.m2\repository\org\hamcrest\hamcrest-core\1.3\hamcrest-core-1.3.jar;"/>
    <property name="java.vm.vendor" value="Oracle Corporation"/>
    <property name="sun.arch.data.model" value="64"/>
    <property name="user.variant" value=""/>
    <property name="java.vendor.url" value="https://java.oracle.com/"/>
    <property name="user.timezone" value="Asia/Calcutta"/>
    <property name="os.name" value="Windows 11"/>
    <property name="java.vm.specification.version" value="22"/>
    <property name="user.country" value="IN"/>
    <property name="sun.java.launcher" value="SUN_STANDARD"/>
    <property name="sun.boot.library.path" value="C:\Java\jdk-22\bin"/>
    <property name="sun.java.command" value="C:\Users\Siddharth\AppData\Local\Temp\surefire7698606242985172361\surefirebooter-20241112184731289_3.jar C:\Users\Siddharth\AppData\Local\Temp\surefire7698606242985172361 2024-11-12T18-47-30_753-jvmRun1 surefire-20241112184731289_1tmp surefire_0-20241112184731289_2tmp"/>
    <property name="jdk.debug" value="release"/>
    <property name="surefire.test.class.path" value="C:\Users\Siddharth\OneDrive\Pictures\Documents\NetBeansProjects\PaintApplication\target\test-classes;C:\Users\Siddharth\OneDrive\Pictures\Documents\NetBeansProjects\PaintApplication\target\classes;C:\Users\Siddharth\.m2\repository\org\junit\jupiter\junit-jupiter-api\5.10.0\junit-jupiter-api-5.10.0.jar;C:\Users\Siddharth\.m2\repository\org\opentest4j\opentest4j\1.3.0\opentest4j-1.3.0.jar;C:\Users\Siddharth\.m2\repository\org\junit\platform\junit-platform-commons\1.10.0\junit-platform-commons-1.10.0.jar;C:\Users\Siddharth\.m2\repository\org\apiguardian\apiguardian-api\1.1.2\apiguardian-api-1.1.2.jar;C:\Users\Siddharth\.m2\repository\org\junit\jupiter\junit-jupiter-engine\5.10.0\junit-jupiter-engine-5.10.0.jar;C:\Users\Siddharth\.m2\repository\org\junit\platform\junit-platform-engine\1.10.0\junit-platform-engine-1.10.0.jar;C:\Users\Siddharth\.m2\repository\org\junit\jupiter\junit-jupiter-params\5.10.0\junit-jupiter-params-5.10.0.jar;C:\Users\Siddharth\.m2\repository\junit\junit\4.13.2\junit-4.13.2.jar;C:\Users\Siddharth\.m2\repository\org\hamcrest\hamcrest-core\1.3\hamcrest-core-1.3.jar;"/>
    <property name="sun.cpu.endian" value="little"/>
    <property name="user.home" value="C:\Users\Siddharth"/>
    <property name="user.language" value="en"/>
    <property name="java.specification.vendor" value="Oracle Corporation"/>
    <property name="java.version.date" value="2024-07-16"/>
    <property name="java.home" value="C:\Java\jdk-22"/>
    <property name="file.separator" value="\"/>
    <property name="basedir" value="C:\Users\Siddharth\OneDrive\Pictures\Documents\NetBeansProjects\PaintApplication"/>
    <property name="java.vm.compressedOopsMode" value="Zero based"/>
    <property name="line.separator" value="&#10;"/>
    <property name="java.vm.specification.vendor" value="Oracle Corporation"/>
    <property name="java.specification.name" value="Java Platform API Specification"/>
    <property name="surefire.real.class.path" value="C:\Users\Siddharth\AppData\Local\Temp\surefire7698606242985172361\surefirebooter-20241112184731289_3.jar"/>
    <property name="user.script" value=""/>
    <property name="sun.management.compiler" value="HotSpot 64-Bit Tiered Compilers"/>
    <property name="java.runtime.version" value="22.0.2+9-70"/>
    <property name="user.name" value="Siddharth"/>
    <property name="stdout.encoding" value="Cp1252"/>
    <property name="path.separator" value=";"/>
    <property name="os.version" value="10.0"/>
    <property name="java.runtime.name" value="Java(TM) SE Runtime Environment"/>
    <property name="file.encoding" value="UTF-8"/>
    <property name="java.vm.name" value="Java HotSpot(TM) 64-Bit Server VM"/>
    <property name="maven.ext.class.path" value="C:\Program Files\NetBeans-12.6\netbeans\java\maven-nblib\netbeans-eventspy.jar"/>
    <property name="localRepository" value="C:\Users\Siddharth\.m2\repository"/>
    <property name="java.vendor.url.bug" value="https://bugreport.java.com/bugreport/"/>
    <property name="java.io.tmpdir" value="C:\Users\SIDDHA~1\AppData\Local\Temp\"/>
    <property name="java.version" value="22.0.2"/>
    <property name="user.dir" value="C:\Users\Siddharth\OneDrive\Pictures\Documents\NetBeansProjects\PaintApplication"/>
    <property name="os.arch" value="amd64"/>
    <property name="java.vm.specification.name" value="Java Virtual Machine Specification"/>
    <property name="sun.os.patch.level" value=""/>
    <property name="native.encoding" value="Cp1252"/>
    <property name="java.library.path" value="C:\Java\jdk-22\bin;C:\WINDOWS\Sun\Java\bin;C:\WINDOWS\system32;C:\WINDOWS;C:\Program Files\Common Files\Oracle\Java\javapath;C:\Program Files (x86)\Common Files\Oracle\Java\java8path;C:\Program Files (x86)\Common Files\Oracle\Java\javapath;&quot;C:\Program Files\Docker\Docker\resources\bin;&quot;;C:\Java\jdk-22\bin;C:\hadoop-3.4.0\hadoop-3.4.0\bin;C:\hadoop-3.4.0\hadoop-3.4.0\sbin;C:\Program Files\nodejs\;&quot;C:\Program Files\MongoDB\Server\8.0\bin;&quot;;C:\Program Files\Git\bin;C:\Program Files\Git\cmd;C:\Program Files\nodejs;C:\Program Files\MySQL\MySQL Shell 8.0\bin\;C:\Users\Siddharth\.cargo\bin;C:\Users\Siddharth\AppData\Local\Programs\Python\Python310\Scripts\;C:\Users\Siddharth\AppData\Local\Programs\Python\Python310\;C:\Users\Siddharth\AppData\Local\Microsoft\WindowsApps;C:\Users\Siddharth\AppData\Local\Programs\Microsoft VS Code\bin;C:\Users\Siddharth\AppData\Local\spicetify;C:\Users\Siddharth\.dotnet\tools;C:\Users\Siddharth\AppData\Local\Microsoft\WinGet\Links;C:\Program Files\Docker\Docker\resources\bin;C:\hadoop-2.8.0\hadoop-2.8.0\bin;&quot;C:\Java\jdk-22\bin;&quot;;C:\Program Files (x86)\MongoDB Atlas CLI\;C:\Users\Siddharth\AppData\Roaming\npm;C:\Users\Siddharth\AppData\Local\GitHubDesktop\bin;."/>
    <property name="java.vm.info" value="mixed mode, sharing"/>
    <property name="stderr.encoding" value="Cp1252"/>
    <property name="java.vendor" value="Oracle Corporation"/>
    <property name="java.vm.version" value="22.0.2+9-70"/>
    <property name="sun.io.unicode.encoding" value="UnicodeLittle"/>
    <property name="java.class.version" value="66.0"/>
  </properties>
  <testcase name="testErase" classname="vit.adda.johncena.paint.paintapplication.RectangleTest" time="0.003">
    <system-out><![CDATA[Erasing the rectangle.
]]></system-out>
  </testcase>
  <testcase name="testArea" classname="vit.adda.johncena.paint.paintapplication.RectangleTest" time="0.001"/>
  <testcase name="testDraw" classname="vit.adda.johncena.paint.paintapplication.RectangleTest" time="0.002">
    <system-out><![CDATA[Drawing a rectangle.
]]></system-out>
  </testcase>
  <testcase name="testMove" classname="vit.adda.johncena.paint.paintapplication.RectangleTest" time="0.005">
    <system-out><![CDATA[Shape moved.
]]></system-out>
  </testcase>
</testsuite>